<?xml version="1.0" encoding="UTF-8"?>
<testng-results ignored="0" total="2" passed="1" failed="1" skipped="0">
  <reporter-output>
  </reporter-output>
  <suite started-at="2025-04-24T14:05:07 IST" name="grouping" finished-at="2025-04-24T14:05:43 IST" duration-ms="36164">
    <groups>
      <group name="Master">
        <method signature="AccountRegistrationPageTest.AccRegisteration()[pri:0, instance:testCases.AccountRegistrationPageTest@6f53b8a]" name="AccRegisteration" class="testCases.AccountRegistrationPageTest"/>
        <method signature="loginPageTest.login()[pri:0, instance:testCases.loginPageTest@5b799640]" name="login" class="testCases.loginPageTest"/>
      </group> <!-- Master -->
      <group name="Sanity">
        <method signature="AccountRegistrationPageTest.AccRegisteration()[pri:0, instance:testCases.AccountRegistrationPageTest@6f53b8a]" name="AccRegisteration" class="testCases.AccountRegistrationPageTest"/>
      </group> <!-- Sanity -->
      <group name="Regression">
        <method signature="loginPageTest.login()[pri:0, instance:testCases.loginPageTest@5b799640]" name="login" class="testCases.loginPageTest"/>
      </group> <!-- Regression -->
    </groups>
    <test started-at="2025-04-24T14:05:07 IST" name="openCart" finished-at="2025-04-24T14:05:43 IST" duration-ms="36164">
      <class name="testCases.AccountRegistrationPageTest">
        <test-method is-config="true" signature="Setup()[pri:0, instance:testCases.AccountRegistrationPageTest@6f53b8a]" started-at="2025-04-24T14:05:07 IST" name="Setup" finished-at="2025-04-24T14:05:21 IST" duration-ms="13739" status="PASS">
          <reporter-output>
          </reporter-output>
        </test-method> <!-- Setup -->
        <test-method signature="AccRegisteration()[pri:0, instance:testCases.AccountRegistrationPageTest@6f53b8a]" started-at="2025-04-24T14:05:21 IST" name="AccRegisteration" finished-at="2025-04-24T14:05:29 IST" duration-ms="8273" status="FAIL">
          <exception class="java.lang.AssertionError">
            <message>
              <![CDATA[expected [Your Account Has Been Created!!!!] but found [Your Account Has Been Created!]]]>
            </message>
            <full-stacktrace>
              <![CDATA[java.lang.AssertionError: expected [Your Account Has Been Created!!!!] but found [Your Account Has Been Created!]
at org.testng.Assert.fail(Assert.java:111)
at org.testng.Assert.failNotEquals(Assert.java:1578)
at org.testng.Assert.assertEqualsImpl(Assert.java:150)
at org.testng.Assert.assertEquals(Assert.java:132)
at org.testng.Assert.assertEquals(Assert.java:656)
at org.testng.Assert.assertEquals(Assert.java:666)
at testCases.AccountRegistrationPageTest.AccRegisteration(AccountRegistrationPageTest.java:38)
at java.base/jdk.internal.reflect.DirectMethodHandleAccessor.invoke(DirectMethodHandleAccessor.java:103)
at java.base/java.lang.reflect.Method.invoke(Method.java:580)
at org.testng.internal.invokers.MethodInvocationHelper.invokeMethod(MethodInvocationHelper.java:139)
at org.testng.internal.invokers.TestInvoker.invokeMethod(TestInvoker.java:664)
at org.testng.internal.invokers.TestInvoker.invokeTestMethod(TestInvoker.java:227)
at org.testng.internal.invokers.MethodRunner.runInSequence(MethodRunner.java:50)
at org.testng.internal.invokers.TestInvoker$MethodInvocationAgent.invoke(TestInvoker.java:957)
at org.testng.internal.invokers.TestInvoker.invokeTestMethods(TestInvoker.java:200)
at org.testng.internal.invokers.TestMethodWorker.invokeTestMethods(TestMethodWorker.java:148)
at org.testng.internal.invokers.TestMethodWorker.run(TestMethodWorker.java:128)
at java.base/java.util.ArrayList.forEach(ArrayList.java:1597)
at org.testng.TestRunner.privateRun(TestRunner.java:848)
at org.testng.TestRunner.run(TestRunner.java:621)
at org.testng.SuiteRunner.runTest(SuiteRunner.java:443)
at org.testng.SuiteRunner.runSequentially(SuiteRunner.java:437)
at org.testng.SuiteRunner.privateRun(SuiteRunner.java:397)
at org.testng.SuiteRunner.run(SuiteRunner.java:336)
at org.testng.SuiteRunnerWorker.runSuite(SuiteRunnerWorker.java:52)
at org.testng.SuiteRunnerWorker.run(SuiteRunnerWorker.java:95)
at org.testng.TestNG.runSuitesSequentially(TestNG.java:1280)
at org.testng.TestNG.runSuitesLocally(TestNG.java:1200)
at org.testng.TestNG.runSuites(TestNG.java:1114)
at org.testng.TestNG.run(TestNG.java:1082)
at org.testng.remote.AbstractRemoteTestNG.run(AbstractRemoteTestNG.java:115)
at org.testng.remote.RemoteTestNG.initAndRun(RemoteTestNG.java:293)
at org.testng.remote.RemoteTestNG.main(RemoteTestNG.java:91)
]]>
            </full-stacktrace>
          </exception> <!-- java.lang.AssertionError -->
          <reporter-output>
          </reporter-output>
        </test-method> <!-- AccRegisteration -->
        <test-method is-config="true" signature="TearDown()[pri:0, instance:testCases.AccountRegistrationPageTest@6f53b8a]" started-at="2025-04-24T14:05:30 IST" name="TearDown" finished-at="2025-04-24T14:05:30 IST" duration-ms="130" status="PASS">
          <reporter-output>
          </reporter-output>
        </test-method> <!-- TearDown -->
      </class> <!-- testCases.AccountRegistrationPageTest -->
      <class name="testCases.loginPageTest">
        <test-method is-config="true" signature="Setup()[pri:0, instance:testCases.loginPageTest@5b799640]" started-at="2025-04-24T14:05:30 IST" name="Setup" finished-at="2025-04-24T14:05:38 IST" duration-ms="8330" status="PASS">
          <reporter-output>
          </reporter-output>
        </test-method> <!-- Setup -->
        <test-method signature="login()[pri:0, instance:testCases.loginPageTest@5b799640]" started-at="2025-04-24T14:05:38 IST" name="login" finished-at="2025-04-24T14:05:43 IST" duration-ms="4718" status="PASS">
          <reporter-output>
          </reporter-output>
        </test-method> <!-- login -->
        <test-method is-config="true" signature="TearDown()[pri:0, instance:testCases.loginPageTest@5b799640]" started-at="2025-04-24T14:05:43 IST" name="TearDown" finished-at="2025-04-24T14:05:43 IST" duration-ms="85" status="PASS">
          <reporter-output>
          </reporter-output>
        </test-method> <!-- TearDown -->
      </class> <!-- testCases.loginPageTest -->
    </test> <!-- openCart -->
  </suite> <!-- grouping -->
</testng-results>
